<?xml version="1.0" encoding="UTF-8"?>
<testng-results ignored="6" total="9" passed="3" failed="0" skipped="0">
  <reporter-output>
  </reporter-output>
  <suite started-at="2023-03-27T11:39:17 IST" name="All Test Suite" finished-at="2023-03-27T11:40:02 IST" duration-ms="44275">
    <groups>
    </groups>
    <test started-at="2023-03-27T11:39:17 IST" name="testng" finished-at="2023-03-27T11:40:02 IST" duration-ms="44275">
      <class name="com.blazeclan.qa.test.testng.BaseTest">
        <test-method is-config="true" signature="setUp()[pri:0, instance:com.blazeclan.qa.test.testng.BaseTest@34e9fd99]" started-at="2023-03-27T11:39:17 IST" name="setUp" finished-at="2023-03-27T11:39:29 IST" duration-ms="12070" status="PASS">
          <reporter-output>
          </reporter-output>
        </test-method> <!-- setUp -->
        <test-method is-config="true" signature="logout()[pri:0, instance:com.blazeclan.qa.test.testng.BaseTest@34e9fd99]" started-at="2023-03-27T11:40:00 IST" name="logout" finished-at="2023-03-27T11:40:02 IST" duration-ms="1093" status="PASS">
          <reporter-output>
          </reporter-output>
        </test-method> <!-- logout -->
      </class> <!-- com.blazeclan.qa.test.testng.BaseTest -->
      <class name="com.blazeclan.qa.test.testng.AboutMeTest">
        <test-method signature="AboutMe()[pri:3, instance:com.blazeclan.qa.test.testng.AboutMeTest@139982de]" started-at="2023-03-27T11:39:38 IST" name="AboutMe" finished-at="2023-03-27T11:39:55 IST" duration-ms="16659" status="PASS">
          <reporter-output>
          </reporter-output>
        </test-method> <!-- AboutMe -->
      </class> <!-- com.blazeclan.qa.test.testng.AboutMeTest -->
      <class name="com.blazeclan.qa.test.testng.LogoutTest">
        <test-method signature="Logout()[pri:2, instance:com.blazeclan.qa.test.testng.LogoutTest@682b2fa]" started-at="2023-03-27T11:39:55 IST" name="Logout" finished-at="2023-03-27T11:40:00 IST" duration-ms="5222" status="PASS">
          <reporter-output>
          </reporter-output>
        </test-method> <!-- Logout -->
      </class> <!-- com.blazeclan.qa.test.testng.LogoutTest -->
      <class name="com.blazeclan.qa.test.testng.LoginTest">
        <test-method signature="LoginPage()[pri:1, instance:com.blazeclan.qa.test.testng.LoginTest@385c9627]" started-at="2023-03-27T11:39:29 IST" name="LoginPage" finished-at="2023-03-27T11:39:38 IST" duration-ms="8622" status="PASS">
          <reporter-output>
          </reporter-output>
        </test-method> <!-- LoginPage -->
      </class> <!-- com.blazeclan.qa.test.testng.LoginTest -->
    </test> <!-- testng -->
  </suite> <!-- All Test Suite -->
</testng-results>
