<?xml version="1.0" encoding="UTF-8"?>
<!-- Generated by org.testng.reporters.JUnitXMLReporter -->
<testsuite ignored="6" hostname="BCT-LTP-G1007" failures="0" tests="3" name="testng" time="56.533" errors="0" timestamp="2023-03-24T18:56:13 IST">
  <testcase classname="com.blazeclan.qa.test.testng.LoginTest" name="LoginPage" time="9.149"/>
  <testcase classname="com.blazeclan.qa.test.testng.AboutMeTest" name="AboutMe" time="16.182"/>
  <testcase classname="com.blazeclan.qa.test.testng.LogoutTest" name="Logout" time="6.042"/>
  <testcase classname="com.blazeclan.qa.test.testng.BaseTest" name="@BeforeTest setUp" time="0.0">
    <ignored/>
  </testcase> <!-- @BeforeTest setUp -->
  <testcase classname="com.blazeclan.qa.test.testng.BaseTest" name="@BeforeTest setUp" time="0.0">
    <ignored/>
  </testcase> <!-- @BeforeTest setUp -->
  <testcase classname="com.blazeclan.qa.test.testng.BaseTest" name="@AfterTest logout" time="0.0">
    <ignored/>
  </testcase> <!-- @AfterTest logout -->
  <testcase classname="com.blazeclan.qa.test.testng.BaseTest" name="@BeforeTest setUp" time="0.0">
    <ignored/>
  </testcase> <!-- @BeforeTest setUp -->
  <testcase classname="com.blazeclan.qa.test.testng.BaseTest" name="@AfterTest logout" time="0.0">
    <ignored/>
  </testcase> <!-- @AfterTest logout -->
  <testcase classname="com.blazeclan.qa.test.testng.BaseTest" name="@AfterTest logout" time="0.0">
    <ignored/>
  </testcase> <!-- @AfterTest logout -->
</testsuite> <!-- testng -->
